<?xml version="1.0" encoding="UTF-8"?>
<!-- Generated by org.testng.reporters.JUnitReportReporter -->
<testsuite hostname="BigBox" failures="0" tests="1" name="tests.TestNgBusqueda" time="3.829" errors="0" timestamp="31 Jan 2022 20:50:57 GMT">
  <testcase classname="tests.TestNgBusqueda" name="f" time="3.829"/>
</testsuite> <!-- tests.TestNgBusqueda -->
